$ next build && cp -r .next/static .next/standalone/.next/ && cp -r public .next/standalone/
Attention: Next.js now collects completely anonymous telemetry regarding usage.
This information is used to shape Next.js' roadmap and prioritize features.
You can learn more, including how to opt-out if you'd not like to participate in this anonymous program, by visiting the following URL:
https://nextjs.org/telemetry

▲ Next.js 16.1.3 (Turbopack)
- Environments: .env

  Creating an optimized production build ...
✓ Compiled successfully in 16.6s
  Skipping validation of types
  Collecting page data using 3 workers ...
  Generating static pages using 3 workers (0/5) ...
  Generating static pages using 3 workers (1/5) 
  Generating static pages using 3 workers (2/5) 
  Generating static pages using 3 workers (3/5) 
✓ Generating static pages using 3 workers (5/5) in 126.7ms
  Finalizing page optimization ...

Route (app)
┌ ○ /
├ ○ /_not-found
├ ƒ /api
└ ƒ /api/messages


○  (Static)   prerendered as static content
ƒ  (Dynamic)  server-rendered on demand

